\BOOKMARK [0][-]{chapter.1}{\376\377\000A\000b\000o\000u\000t}{}% 1
\BOOKMARK [0][-]{chapter.2}{\376\377\000E\000M\000\040\000I\000n\000d\000o\000n\000e\000s\000i\000a}{}% 2
\BOOKMARK [1][-]{section.2.1}{\376\377\000r\000e\000l\000a\000t\000i\000o\000n\000s\000h\000i\000p\000\040\000b\000e\000t\000w\000e\000e\000n\000\040\000c\000u\000r\000r\000e\000n\000c\000y\000\040\000r\000a\000t\000e\000\040\000-\000\040\000i\000n\000f\000l\000a\000t\000i\000o\000n\000\040\000-\000\040\000s\000t\000o\000c\000k\000e\000x\000c\000h\000a\000n\000g\000e}{chapter.2}% 3
\BOOKMARK [0][-]{chapter.3}{\376\377\000E\000M\000\040\000R\000u\000s\000s\000i\000a}{}% 4
\BOOKMARK [1][-]{section.3.1}{\376\377\000r\000e\000l\000a\000t\000i\000o\000n\000s\000h\000i\000p\000\040\000b\000e\000t\000w\000e\000e\000n\000\040\000c\000u\000r\000r\000e\000n\000c\000y\000\040\000r\000a\000t\000e\000\040\000-\000\040\000i\000n\000f\000l\000a\000t\000i\000o\000n\000\040\000-\000\040\000s\000t\000o\000c\000k\000e\000x\000c\000h\000a\000n\000g\000e}{chapter.3}% 5
\BOOKMARK [0][-]{chapter.4}{\376\377\000E\000M\000\040\000T\000u\000r\000k\000e\000y}{}% 6
\BOOKMARK [1][-]{section.4.1}{\376\377\000r\000e\000l\000a\000t\000i\000o\000n\000s\000h\000i\000p\000\040\000b\000e\000t\000w\000e\000e\000n\000\040\000c\000u\000r\000r\000e\000n\000c\000y\000\040\000r\000a\000t\000e\000\040\000-\000\040\000b\000o\000n\000d\000m\000a\000r\000k\000e\000t\000\040\000-\000\040\000s\000t\000o\000c\000k\000e\000x\000c\000h\000a\000n\000g\000e}{chapter.4}% 7
\BOOKMARK [0][-]{chapter.5}{\376\377\000B\000u\000f\000f\000e\000t\000t}{}% 8
\BOOKMARK [0][-]{chapter.6}{\376\377\000B\000u\000f\000f\000e\000t\000t\000f\000r\000a\000c\000t\000i\000o\000n\000a\000l}{}% 9
\BOOKMARK [0][-]{chapter.7}{\376\377\000C\000a\000r\000l}{}% 10
\BOOKMARK [0][-]{chapter.8}{\376\377\000C\000a\000r\000l\000f\000r\000a\000c\000t\000i\000o\000n\000a\000l}{}% 11
\BOOKMARK [0][-]{chapter.9}{\376\377\000D\000a\000l\000i\000o}{}% 12
\BOOKMARK [0][-]{chapter.10}{\376\377\000D\000a\000l\000i\000o\000f\000r\000a\000c\000t\000i\000o\000n\000a\000l}{}% 13
\BOOKMARK [0][-]{chapter.11}{\376\377\000D\000a\000v\000i\000d\000\137\000T\000e\000p\000p\000e\000r}{}% 14
\BOOKMARK [0][-]{chapter.12}{\376\377\000D\000a\000v\000i\000d\000\137\000T\000e\000p\000p\000e\000r\000f\000r\000a\000c\000t\000i\000o\000n\000a\000l}{}% 15
\BOOKMARK [0][-]{chapter.13}{\376\377\000G\000r\000e\000e\000n\000l\000i\000g\000h\000t\000\137\000E\000i\000n\000h\000o\000r\000n}{}% 16
\BOOKMARK [0][-]{chapter.14}{\376\377\000G\000r\000e\000e\000n\000l\000i\000g\000h\000t\000\137\000E\000i\000n\000h\000o\000r\000n\000f\000r\000a\000c\000t\000i\000o\000n\000a\000l}{}% 17
\BOOKMARK [0][-]{chapter.15}{\376\377\000G\000u\000y}{}% 18
\BOOKMARK [0][-]{chapter.16}{\376\377\000G\000u\000y\000f\000r\000a\000c\000t\000i\000o\000n\000a\000l}{}% 19
\BOOKMARK [0][-]{chapter.17}{\376\377\000H\000i\000m\000a\000l\000a\000y\000a\000\137\000L\000i\000\137\000L\000u}{}% 20
\BOOKMARK [0][-]{chapter.18}{\376\377\000H\000i\000m\000a\000l\000a\000y\000a\000\137\000L\000i\000\137\000L\000u\000f\000r\000a\000c\000t\000i\000o\000n\000a\000l}{}% 21
\BOOKMARK [0][-]{chapter.19}{\376\377\000M\000o\000h\000n\000i\000s\000h}{}% 22
\BOOKMARK [0][-]{chapter.20}{\376\377\000M\000o\000h\000n\000i\000s\000h\000f\000r\000a\000c\000t\000i\000o\000n\000a\000l}{}% 23
\BOOKMARK [0][-]{chapter.21}{\376\377\000P\000e\000r\000s\000h\000i\000n\000g\000\137\000A\000c\000k\000m\000a\000n}{}% 24
\BOOKMARK [0][-]{chapter.22}{\376\377\000P\000e\000r\000s\000h\000i\000n\000g\000\137\000A\000c\000k\000m\000a\000n\000f\000r\000a\000c\000t\000i\000o\000n\000a\000l}{}% 25
\BOOKMARK [0][-]{chapter.23}{\376\377\000S\000e\000t\000h}{}% 26
\BOOKMARK [0][-]{chapter.24}{\376\377\000S\000e\000t\000h\000f\000r\000a\000c\000t\000i\000o\000n\000a\000l}{}% 27
\BOOKMARK [0][-]{chapter.25}{\376\377\000T\000C\000I\000\137\000C\000h\000r\000i\000s}{}% 28
\BOOKMARK [0][-]{chapter.26}{\376\377\000T\000C\000I\000\137\000C\000h\000r\000i\000s\000f\000r\000a\000c\000t\000i\000o\000n\000a\000l}{}% 29
